<?xml version="1.0" encoding="UTF-8"?>
<!-- Generated by org.testng.reporters.JUnitReportReporter -->
<testsuite hostname="DESKTOP-72TG0SV" failures="0" tests="3" name="qa.test.AuthPageTest" time="0.448" errors="0" timestamp="2024-05-24T17:56:57 MSK" skipped="0">
  <testcase classname="qa.test.AuthPageTest" name="login_in" time="0.142"/>
  <testcase classname="qa.test.AuthPageTest" name="login_in_invalid_password" time="0.149"/>
  <testcase classname="qa.test.AuthPageTest" name="login_in_invalid_email" time="0.157"/>
</testsuite> <!-- qa.test.AuthPageTest -->
